<?xml version="1.0" encoding="UTF-8"?>
<!-- Generated by org.testng.reporters.JUnitReportReporter -->
<testsuite hostname="LAPTOP-R42Q8QC2" failures="0" tests="1" name="Tests.LogoutTest" time="4.659" errors="0" timestamp="2025-01-01T13:18:05 IST" skipped="0">
  <testcase classname="Tests.LogoutTest" name="login" time="4.659"/>
</testsuite> <!-- Tests.LogoutTest -->
