<?xml version="1.0" encoding="UTF-8"?>
<!-- Generated by org.testng.reporters.JUnitReportReporter -->
<testsuite hostname="LAPTOP-R42Q8QC2" failures="0" tests="1" name="Tests.ProductTest_SearchBox" time="4.213" errors="0" timestamp="2025-01-01T14:59:27 IST" skipped="0">
  <testcase classname="Tests.ProductTest_SearchBox" name="searchProductBySearchBox" time="4.213"/>
</testsuite> <!-- Tests.ProductTest_SearchBox -->
