<?xml version="1.0" encoding="UTF-8"?>
<!-- Generated by org.testng.reporters.JUnitReportReporter -->
<testsuite hostname="LAPTOP-R42Q8QC2" failures="0" tests="4" name="Tests.ProductTest" time="40.150" errors="0" timestamp="2025-01-01T13:18:05 IST" skipped="0">
  <testcase classname="Tests.ProductTest" name="checkoutDetails" time="3.736"/>
  <testcase classname="Tests.ProductTest" name="placeOrder" time="10.226"/>
  <testcase classname="Tests.ProductTest" name="addProductAndVerify" time="12.687"/>
  <testcase classname="Tests.ProductTest" name="addProductAndVerify" time="13.501"/>
</testsuite> <!-- Tests.ProductTest -->
