<?xml version="1.0" encoding="UTF-8"?>
<!-- Generated by org.testng.reporters.JUnitReportReporter -->
<testsuite hostname="LAPTOP-R42Q8QC2" failures="0" tests="2" name="Tests.RegisterTest" time="23.403" errors="0" timestamp="2025-01-01T13:18:05 IST" skipped="0">
  <testcase classname="Tests.RegisterTest" name="createUserAccount" time="10.431"/>
  <testcase classname="Tests.RegisterTest" name="createUserAccount" time="12.972"/>
</testsuite> <!-- Tests.RegisterTest -->
