<?xml version="1.0" encoding="UTF-8"?>
<!-- Generated by org.testng.reporters.JUnitReportReporter -->
<testsuite hostname="LAPTOP-R42Q8QC2" failures="0" tests="1" name="Tests.PaymentTest" time="10.386" errors="0" timestamp="2025-01-01T13:18:05 IST" skipped="0">
  <testcase classname="Tests.PaymentTest" name="paymentDetails" time="10.386"/>
</testsuite> <!-- Tests.PaymentTest -->
